\BOOKMARK [0][-]{section*.3}{\376\377\144\130\000\040\211\201}{}% 1
\BOOKMARK [0][-]{section*.5}{\376\377\000A\000b\000s\000t\000r\000a\000c\000t}{}% 2
\BOOKMARK [0][-]{chapter.1}{\376\377\137\025\212\000}{}% 3
\BOOKMARK [1][-]{section.1.1}{\376\377\213\376\230\230\166\204\200\314\146\157\116\016\141\017\116\111}{chapter.1}% 4
\BOOKMARK [2][-]{subsection.1.1.1}{\376\377\164\006\135\345\171\321\213\272\145\207\211\201\154\102}{section.1.1}% 5
\BOOKMARK [1][-]{section.1.2}{\376\377\166\370\121\163\170\024\172\166\176\374\217\360}{chapter.1}% 6
\BOOKMARK [1][-]{section.1.3}{\376\377\147\054\213\376\230\230\166\204\116\073\211\201\170\024\172\166\121\205\133\271}{chapter.1}% 7
\BOOKMARK [1][-]{section.1.4}{\376\377\213\272\145\207\176\304\176\307\176\323\147\204}{chapter.1}% 8
\BOOKMARK [0][-]{chapter.2}{\376\377\000L\000a\000T\000e\000X\152\041\147\177\117\177\165\050\213\364\146\016}{}% 9
\BOOKMARK [1][-]{section.2.1}{\376\377\213\272\145\207\117\341\140\157\166\204\217\223\121\145\124\214\134\001\227\142\166\204\201\352\122\250\165\037\142\020}{chapter.2}% 10
\BOOKMARK [1][-]{section.2.2}{\376\377\150\007\230\230\166\204\117\177\165\050}{chapter.2}% 11
\BOOKMARK [1][-]{section.2.3}{\376\377\210\150\150\074\166\204\117\177\165\050}{chapter.2}% 12
\BOOKMARK [1][-]{section.2.4}{\376\377\121\154\137\017\166\204\117\177\165\050}{chapter.2}% 13
\BOOKMARK [1][-]{section.2.5}{\376\377\126\376\162\107\166\204\143\322\121\145\124\214\116\244\123\311\137\025\165\050}{chapter.2}% 14
\BOOKMARK [2][-]{subsection.2.5.1}{\376\377\126\376\162\107\166\204\117\177\165\050}{section.2.5}% 15
\BOOKMARK [2][-]{subsection.2.5.2}{\376\377\131\032\126\376\143\222\162\110\150\067\117\213}{section.2.5}% 16
\BOOKMARK [2][-]{subsection.2.5.3}{\376\377\116\244\123\311\137\025\165\050}{section.2.5}% 17
\BOOKMARK [2][-]{subsection.2.5.4}{\376\377\147\054\127\060\133\211\210\305\217\157\116\366\142\026\200\005\176\277\116\012\117\177\165\050}{section.2.5}% 18
\BOOKMARK [0][-]{chapter.3}{\376\377\123\302\200\003\145\207\163\056\213\364\146\016}{}% 19
\BOOKMARK [0][-]{chapter*.14}{\376\377\201\364\214\042}{}% 20
\BOOKMARK [0][-]{chapter*.15}{\376\377\123\302\200\003\145\207\163\056}{}% 21
\BOOKMARK [0][-]{appendix.A}{\376\377\210\145\121\105\146\364\131\032\176\306\202\202}{}% 22
\BOOKMARK [1][-]{section.A.1}{\376\377\210\145\121\105\126\376}{appendix.A}% 23
\BOOKMARK [2][-]{subsection.A.1.1}{\376\377\210\145\121\105\126\376}{section.A.1}% 24
\BOOKMARK [0][-]{appendix.B}{\376\377\226\104\137\125\0002}{}% 25
